xuberservice/build/intermediates/manifest_merge_blame_file/debug/manifest-merger-blame-debug-report.txt
1<?xml version="1.0" encoding="utf-8"?>
2<manifest xmlns:android="http://schemas.android.com/apk/res/android"
3    package="com.gox.xuberservice"
4    android:versionCode="1"
5    android:versionName="1.0" >
6
7    <uses-sdk
8        android:minSdkVersion="21"
8-->src\main\AndroidManifest.xml
9        android:targetSdkVersion="28" />
9-->src\main\AndroidManifest.xml
10
11    <uses-permission android:name="android.permission.ACCESS_FINE_LOCATION" />
11-->src\main\AndroidManifest.xml:4:5-79
11-->src\main\AndroidManifest.xml:4:22-76
12    <uses-permission android:name="android.permission.ACCESS_COARSE_LOCATION" />
12-->src\main\AndroidManifest.xml:5:5-81
12-->src\main\AndroidManifest.xml:5:22-78
13    <uses-permission android:name="android.permission.READ_EXTERNAL_STORAGE" />
13-->src\main\AndroidManifest.xml:6:5-80
13-->src\main\AndroidManifest.xml:6:22-77
14    <uses-permission android:name="android.permission.WRITE_EXTERNAL_STORAGE" />
14-->src\main\AndroidManifest.xml:7:5-81
14-->src\main\AndroidManifest.xml:7:22-78
15    <uses-permission android:name="android.permission.CAMERA" />
15-->src\main\AndroidManifest.xml:8:5-65
15-->src\main\AndroidManifest.xml:8:22-62
16
17    <application>
17-->src\main\AndroidManifest.xml:10:5-28:19
18        <activity
18-->src\main\AndroidManifest.xml:11:9-13:52
19            android:name="com.gox.xuberservice.xuberMainActivity.XUberDashBoardActivity"
19-->src\main\AndroidManifest.xml:12:13-89
20            android:screenOrientation="portrait" />
20-->src\main\AndroidManifest.xml:13:13-49
21        <activity
21-->src\main\AndroidManifest.xml:15:9-17:51
22            android:name="com.theartofdev.edmodo.cropper.CropImageActivity"
22-->src\main\AndroidManifest.xml:16:13-76
23            android:screenOrientation="portrait" />
23-->src\main\AndroidManifest.xml:17:13-49
24
25        <provider
25-->src\main\AndroidManifest.xml:19:9-27:20
26            android:name="androidx.core.content.FileProvider"
26-->src\main\AndroidManifest.xml:20:13-62
27            android:authorities="${applicationId}.provider"
27-->src\main\AndroidManifest.xml:21:13-60
28            android:exported="false"
28-->src\main\AndroidManifest.xml:22:13-37
29            android:grantUriPermissions="true" >
29-->src\main\AndroidManifest.xml:23:13-47
30            <meta-data
30-->src\main\AndroidManifest.xml:24:13-26:58
31                android:name="android.support.FILE_PROVIDER_PATHS"
31-->src\main\AndroidManifest.xml:25:17-67
32                android:resource="@xml/provider_paths" />
32-->src\main\AndroidManifest.xml:26:17-55
33        </provider>
34    </application>
35
36</manifest>